============================= test session starts =============================
platform win32 -- Python 3.14.2, pytest-9.0.2, pluggy-1.6.0
rootdir: C:\Users\Hero\Documents\Dev\fastapi-auth-service
configfile: pytest.ini
plugins: anyio-4.12.1, asyncio-1.3.0
asyncio: mode=Mode.AUTO, debug=False, asyncio_default_fixture_loop_scope=None, asyncio_default_test_loop_scope=function
collected 1 item

tests\test_rbac.py E                                                     [100%]

=================================== ERRORS ====================================
________________ ERROR at setup of test_admin_role_enforcement ________________
file C:\Users\Hero\Documents\Dev\fastapi-auth-service\tests\test_rbac.py, line 10
  @pytest.mark.asyncio
  async def test_admin_role_enforcement(client: AsyncClient, session):
      # Register a new user
      email = "admin_candidate@example.com"
      password = "Password123"
      response = await client.post(
          "/api/v1/auth/register",
          json={"email": email, "password": password, "full_name": "Admin Candidate"},
      )
      assert response.status_code == 200
      token = response.json()["access_token"]
      headers = {"Authorization": f"Bearer {token}"}

      # 1. Try to access admin endpoint as 'user'
      response = await client.get("/api/v1/auth/admin-only", headers=headers)
      assert response.status_code == 403

      # 2. promote to admin directly in DB
      statement = select(User).where(User.email == email)
      result = await session.exec(statement)
      user = result.first()
      assert user is not None
      user.role = UserRole.ADMIN
      session.add(user)
      await session.commit()
      await session.refresh(user)

      # 3. Try again
      response = await client.get("/api/v1/auth/admin-only", headers=headers)
      assert response.status_code == 200
      assert response.json() == {"message": "Admin access granted"}
E       fixture 'session' not found
>       available fixtures: _class_scoped_runner, _function_scoped_runner, _module_scoped_runner, _package_scoped_runner, _session_scoped_runner, anyio_backend, anyio_backend_name, anyio_backend_options, auth_headers, cache, capfd, capfdbinary, caplog, capsys, capsysbinary, capteesys, client, doctest_namespace, event_loop_policy, free_tcp_port, free_tcp_port_factory, free_udp_port, free_udp_port_factory, monkeypatch, pytestconfig, record_property, record_testsuite_property, record_xml_attribute, recwarn, setup_db, subtests, tmp_path, tmp_path_factory, tmpdir, tmpdir_factory, unused_tcp_port, unused_tcp_port_factory, unused_udp_port, unused_udp_port_factory
>       use 'pytest --fixtures [testpath]' for help on them.

C:\Users\Hero\Documents\Dev\fastapi-auth-service\tests\test_rbac.py:10
============================== warnings summary ===============================
.venv\Lib\site-packages\pythonjsonlogger\jsonlogger.py:11
  C:\Users\Hero\Documents\Dev\fastapi-auth-service\.venv\Lib\site-packages\pythonjsonlogger\jsonlogger.py:11: DeprecationWarning: pythonjsonlogger.jsonlogger has been moved to pythonjsonlogger.json
    warnings.warn(

.venv\Lib\site-packages\slowapi\extension.py:717
.venv\Lib\site-packages\slowapi\extension.py:717
  C:\Users\Hero\Documents\Dev\fastapi-auth-service\.venv\Lib\site-packages\slowapi\extension.py:717: DeprecationWarning: 'asyncio.iscoroutinefunction' is deprecated and slated for removal in Python 3.16; use inspect.iscoroutinefunction() instead
    if asyncio.iscoroutinefunction(func):

-- Docs: https://docs.pytest.org/en/stable/how-to/capture-warnings.html
=========================== short test summary info ===========================
ERROR tests/test_rbac.py::test_admin_role_enforcement
======================== 3 warnings, 1 error in 0.02s =========================
